<?xml version="1.0" encoding="UTF-8"?>
<coverage generated="1768404212637" clover="3.2.0">
  <project timestamp="1768404212637" name="All files">
    <metrics statements="42" coveredstatements="40" conditionals="19" coveredconditionals="16" methods="18" coveredmethods="17" elements="79" coveredelements="73" complexity="0" loc="42" ncloc="42" packages="3" files="6" classes="6"/>
    <package name="hooks">
      <metrics statements="13" coveredstatements="12" conditionals="6" coveredconditionals="6" methods="5" coveredmethods="4"/>
      <file name="useCountries.js" path="/Users/kassinnebie/Desktop/Projet étude master/Projet Master2/ReactFlagRepository/src/hooks/useCountries.js">
        <metrics statements="13" coveredstatements="12" conditionals="6" coveredconditionals="6" methods="5" coveredmethods="4"/>
        <line num="14" count="2" type="stmt"/>
        <line num="15" count="2" type="stmt"/>
        <line num="16" count="2" type="stmt"/>
        <line num="18" count="2" type="stmt"/>
        <line num="19" count="1" type="stmt"/>
        <line num="21" count="0" type="stmt"/>
        <line num="22" count="1" type="stmt"/>
        <line num="25" count="2" type="stmt"/>
        <line num="26" count="2" type="stmt"/>
        <line num="27" count="2" type="stmt"/>
        <line num="28" count="2" type="stmt"/>
        <line num="29" count="2" type="stmt"/>
        <line num="32" count="2" type="stmt"/>
      </file>
    </package>
    <package name="services">
      <metrics statements="8" coveredstatements="8" conditionals="4" coveredconditionals="2" methods="2" coveredmethods="2"/>
      <file name="restCountries.js" path="/Users/kassinnebie/Desktop/Projet étude master/Projet Master2/ReactFlagRepository/src/services/restCountries.js">
        <metrics statements="8" coveredstatements="8" conditionals="4" coveredconditionals="2" methods="2" coveredmethods="2"/>
        <line num="4" count="1" type="stmt"/>
        <line num="5" count="1" type="stmt"/>
        <line num="9" count="1" type="stmt"/>
        <line num="10" count="1" type="stmt"/>
        <line num="11" count="1" type="stmt"/>
        <line num="13" count="1" type="stmt"/>
        <line num="14" count="1" type="stmt"/>
        <line num="25" count="1" type="stmt"/>
      </file>
    </package>
    <package name="utils">
      <metrics statements="21" coveredstatements="20" conditionals="9" coveredconditionals="8" methods="11" coveredmethods="11"/>
      <file name="extractFlagColors.js" path="/Users/kassinnebie/Desktop/Projet étude master/Projet Master2/ReactFlagRepository/src/utils/extractFlagColors.js">
        <metrics statements="9" coveredstatements="8" conditionals="2" coveredconditionals="1" methods="1" coveredmethods="1"/>
        <line num="3" count="1" type="stmt"/>
        <line num="5" count="1" type="stmt"/>
        <line num="14" count="1" type="stmt"/>
        <line num="15" count="1" type="stmt"/>
        <line num="16" count="1" type="stmt"/>
        <line num="18" count="1" type="stmt"/>
        <line num="20" count="1" type="cond" truecount="1" falsecount="1"/>
        <line num="22" count="1" type="stmt"/>
        <line num="24" count="0" type="stmt"/>
      </file>
      <file name="filters.js" path="/Users/kassinnebie/Desktop/Projet étude master/Projet Master2/ReactFlagRepository/src/utils/filters.js">
        <metrics statements="5" coveredstatements="5" conditionals="4" coveredconditionals="4" methods="4" coveredmethods="4"/>
        <line num="3" count="4" type="cond" truecount="2" falsecount="0"/>
        <line num="4" count="1" type="stmt"/>
        <line num="5" count="3" type="stmt"/>
        <line num="12" count="3" type="cond" truecount="2" falsecount="0"/>
        <line num="13" count="3" type="stmt"/>
      </file>
      <file name="pagination.js" path="/Users/kassinnebie/Desktop/Projet étude master/Projet Master2/ReactFlagRepository/src/utils/pagination.js">
        <metrics statements="3" coveredstatements="3" conditionals="0" coveredconditionals="0" methods="2" coveredmethods="2"/>
        <line num="2" count="3" type="stmt"/>
        <line num="3" count="3" type="stmt"/>
        <line num="7" count="1" type="stmt"/>
      </file>
      <file name="sorting.js" path="/Users/kassinnebie/Desktop/Projet étude master/Projet Master2/ReactFlagRepository/src/utils/sorting.js">
        <metrics statements="4" coveredstatements="4" conditionals="3" coveredconditionals="3" methods="4" coveredmethods="4"/>
        <line num="2" count="4" type="stmt"/>
        <line num="3" count="8" type="cond" truecount="2" falsecount="0"/>
        <line num="10" count="1" type="stmt"/>
        <line num="11" count="2" type="stmt"/>
      </file>
    </package>
  </project>
</coverage>
