{"/Users/kassinnebie/Desktop/Projet étude master/Projet Master2/ReactFlagRepository/src/hooks/useCountries.js": {"path":"/Users/kassinnebie/Desktop/Projet étude master/Projet Master2/ReactFlagRepository/src/hooks/useCountries.js","statementMap":{"0":{"start":{"line":14,"column":35},"end":{"line":14,"column":48}},"1":{"start":{"line":15,"column":31},"end":{"line":15,"column":46}},"2":{"start":{"line":16,"column":27},"end":{"line":16,"column":42}},"3":{"start":{"line":18,"column":1},"end":{"line":23,"column":null}},"4":{"start":{"line":19,"column":3},"end":{"line":22,"column":null}},"5":{"start":{"line":21,"column":20},"end":{"line":21,"column":41}},"6":{"start":{"line":22,"column":21},"end":{"line":22,"column":38}},"7":{"start":{"line":25,"column":28},"end":{"line":30,"column":64}},"8":{"start":{"line":26,"column":20},"end":{"line":26,"column":52}},"9":{"start":{"line":27,"column":19},"end":{"line":27,"column":58}},"10":{"start":{"line":28,"column":18},"end":{"line":28,"column":55}},"11":{"start":{"line":29,"column":4},"end":{"line":29,"column":null}},"12":{"start":{"line":32,"column":2},"end":{"line":37,"column":null}}},"fnMap":{"0":{"name":"useCountries","decl":{"start":{"line":7,"column":16},"end":{"line":7,"column":28}},"loc":{"start":{"line":13,"column":8},"end":{"line":38,"column":null}},"line":13},"1":{"name":"(anonymous_1)","decl":{"start":{"line":18,"column":12},"end":{"line":18,"column":13}},"loc":{"start":{"line":18,"column":18},"end":{"line":23,"column":3}},"line":18},"2":{"name":"(anonymous_2)","decl":{"start":{"line":21,"column":13},"end":{"line":21,"column":16}},"loc":{"start":{"line":21,"column":20},"end":{"line":21,"column":41}},"line":21},"3":{"name":"(anonymous_3)","decl":{"start":{"line":22,"column":15},"end":{"line":22,"column":16}},"loc":{"start":{"line":22,"column":21},"end":{"line":22,"column":38}},"line":22},"4":{"name":"(anonymous_4)","decl":{"start":{"line":25,"column":37},"end":{"line":25,"column":38}},"loc":{"start":{"line":25,"column":43},"end":{"line":30,"column":3}},"line":25}},"branchMap":{"0":{"loc":{"start":{"line":7,"column":29},"end":{"line":13,"column":6}},"type":"default-arg","locations":[{"start":{"line":13,"column":4},"end":{"line":13,"column":6}}],"line":7},"1":{"loc":{"start":{"line":8,"column":2},"end":{"line":8,"column":13}},"type":"default-arg","locations":[{"start":{"line":8,"column":11},"end":{"line":8,"column":13}}],"line":8},"2":{"loc":{"start":{"line":9,"column":2},"end":{"line":9,"column":22}},"type":"default-arg","locations":[{"start":{"line":9,"column":18},"end":{"line":9,"column":22}}],"line":9},"3":{"loc":{"start":{"line":10,"column":2},"end":{"line":10,"column":20}},"type":"default-arg","locations":[{"start":{"line":10,"column":14},"end":{"line":10,"column":20}}],"line":10},"4":{"loc":{"start":{"line":11,"column":2},"end":{"line":11,"column":10}},"type":"default-arg","locations":[{"start":{"line":11,"column":9},"end":{"line":11,"column":10}}],"line":11},"5":{"loc":{"start":{"line":12,"column":2},"end":{"line":12,"column":12}},"type":"default-arg","locations":[{"start":{"line":12,"column":10},"end":{"line":12,"column":12}}],"line":12}},"s":{"0":2,"1":2,"2":2,"3":2,"4":1,"5":0,"6":1,"7":2,"8":2,"9":2,"10":2,"11":2,"12":2},"f":{"0":2,"1":1,"2":0,"3":1,"4":2},"b":{"0":[2],"1":[2],"2":[2],"3":[2],"4":[2],"5":[2]},"meta":{"lastBranch":6,"lastFunction":5,"lastStatement":13,"seen":{"f:7:16:7:28":0,"b:13:4:13:6":0,"b:8:11:8:13":1,"b:9:18:9:22":2,"b:10:14:10:20":3,"b:11:9:11:10":4,"b:12:10:12:12":5,"s:14:35:14:48":0,"s:15:31:15:46":1,"s:16:27:16:42":2,"s:18:1:23:Infinity":3,"f:18:12:18:13":1,"s:19:3:22:Infinity":4,"f:21:13:21:16":2,"s:21:20:21:41":5,"f:22:15:22:16":3,"s:22:21:22:38":6,"s:25:28:30:64":7,"f:25:37:25:38":4,"s:26:20:26:52":8,"s:27:19:27:58":9,"s:28:18:28:55":10,"s:29:4:29:Infinity":11,"s:32:2:37:Infinity":12}}}
,"/Users/kassinnebie/Desktop/Projet étude master/Projet Master2/ReactFlagRepository/src/services/restCountries.js": {"path":"/Users/kassinnebie/Desktop/Projet étude master/Projet Master2/ReactFlagRepository/src/services/restCountries.js","statementMap":{"0":{"start":{"line":4,"column":12},"end":{"line":4,"column":34}},"1":{"start":{"line":5,"column":17},"end":{"line":5,"column":53}},"2":{"start":{"line":9,"column":19},"end":{"line":9,"column":57}},"3":{"start":{"line":10,"column":21},"end":{"line":10,"column":68}},"4":{"start":{"line":11,"column":17},"end":{"line":11,"column":38}},"5":{"start":{"line":13,"column":22},"end":{"line":23,"column":3}},"6":{"start":{"line":14,"column":31},"end":{"line":22,"column":5}},"7":{"start":{"line":25,"column":2},"end":{"line":25,"column":null}}},"fnMap":{"0":{"name":"fetchCountries","decl":{"start":{"line":7,"column":22},"end":{"line":7,"column":36}},"loc":{"start":{"line":7,"column":39},"end":{"line":26,"column":null}},"line":7},"1":{"name":"(anonymous_1)","decl":{"start":{"line":14,"column":13},"end":{"line":14,"column":18}},"loc":{"start":{"line":14,"column":31},"end":{"line":22,"column":5}},"line":14}},"branchMap":{"0":{"loc":{"start":{"line":19,"column":15},"end":{"line":19,"column":41}},"type":"binary-expr","locations":[{"start":{"line":19,"column":15},"end":{"line":19,"column":35}},{"start":{"line":19,"column":39},"end":{"line":19,"column":41}}],"line":19},"1":{"loc":{"start":{"line":21,"column":17},"end":{"line":21,"column":null}},"type":"binary-expr","locations":[{"start":{"line":21,"column":17},"end":{"line":21,"column":40}},{"start":{"line":21,"column":44},"end":{"line":21,"column":null}}],"line":21}},"s":{"0":1,"1":1,"2":1,"3":1,"4":1,"5":1,"6":1,"7":1},"f":{"0":1,"1":1},"b":{"0":[1,0],"1":[1,0]},"meta":{"lastBranch":2,"lastFunction":2,"lastStatement":8,"seen":{"s:4:12:4:34":0,"s:5:17:5:53":1,"f:7:22:7:36":0,"s:9:19:9:57":2,"s:10:21:10:68":3,"s:11:17:11:38":4,"s:13:22:23:3":5,"f:14:13:14:18":1,"s:14:31:22:5":6,"b:19:15:19:35:19:39:19:41":0,"b:21:17:21:40:21:44:21:Infinity":1,"s:25:2:25:Infinity":7}}}
,"/Users/kassinnebie/Desktop/Projet étude master/Projet Master2/ReactFlagRepository/src/utils/extractFlagColors.js": {"path":"/Users/kassinnebie/Desktop/Projet étude master/Projet Master2/ReactFlagRepository/src/utils/extractFlagColors.js","statementMap":{"0":{"start":{"line":3,"column":12},"end":{"line":3,"column":34}},"1":{"start":{"line":5,"column":19},"end":{"line":12,"column":1}},"2":{"start":{"line":14,"column":32},"end":{"line":26,"column":1}},"3":{"start":{"line":15,"column":2},"end":{"line":25,"column":null}},"4":{"start":{"line":16,"column":18},"end":{"line":16,"column":73}},"5":{"start":{"line":18,"column":16},"end":{"line":18,"column":25}},"6":{"start":{"line":20,"column":17},"end":{"line":20,"column":59}},"7":{"start":{"line":22,"column":4},"end":{"line":22,"column":null}},"8":{"start":{"line":24,"column":4},"end":{"line":24,"column":null}}},"fnMap":{"0":{"name":"(anonymous_0)","decl":{"start":{"line":14,"column":32},"end":{"line":14,"column":37}},"loc":{"start":{"line":14,"column":47},"end":{"line":26,"column":1}},"line":14}},"branchMap":{"0":{"loc":{"start":{"line":20,"column":17},"end":{"line":20,"column":59}},"type":"binary-expr","locations":[{"start":{"line":20,"column":17},"end":{"line":20,"column":46}},{"start":{"line":20,"column":50},"end":{"line":20,"column":59}}],"line":20}},"s":{"0":1,"1":1,"2":1,"3":1,"4":1,"5":1,"6":1,"7":1,"8":0},"f":{"0":1},"b":{"0":[1,0]},"meta":{"lastBranch":1,"lastFunction":1,"lastStatement":9,"seen":{"s:3:12:3:34":0,"s:5:19:12:1":1,"s:14:32:26:1":2,"f:14:32:14:37":0,"s:15:2:25:Infinity":3,"s:16:18:16:73":4,"s:18:16:18:25":5,"s:20:17:20:59":6,"b:20:17:20:46:20:50:20:59":0,"s:22:4:22:Infinity":7,"s:24:4:24:Infinity":8}}}
,"/Users/kassinnebie/Desktop/Projet étude master/Projet Master2/ReactFlagRepository/src/utils/filters.js": {"path":"/Users/kassinnebie/Desktop/Projet étude master/Projet Master2/ReactFlagRepository/src/utils/filters.js","statementMap":{"0":{"start":{"line":3,"column":2},"end":{"line":3,"column":null}},"1":{"start":{"line":3,"column":15},"end":{"line":3,"column":null}},"2":{"start":{"line":4,"column":2},"end":{"line":6,"column":null}},"3":{"start":{"line":5,"column":4},"end":{"line":5,"column":null}},"4":{"start":{"line":12,"column":2},"end":{"line":12,"column":null}},"5":{"start":{"line":12,"column":14},"end":{"line":12,"column":null}},"6":{"start":{"line":13,"column":2},"end":{"line":13,"column":null}},"7":{"start":{"line":13,"column":31},"end":{"line":13,"column":48}}},"fnMap":{"0":{"name":"filterByName","decl":{"start":{"line":1,"column":16},"end":{"line":1,"column":28}},"loc":{"start":{"line":1,"column":48},"end":{"line":8,"column":null}},"line":1},"1":{"name":"(anonymous_1)","decl":{"start":{"line":4,"column":26},"end":{"line":4,"column":27}},"loc":{"start":{"line":5,"column":4},"end":{"line":5,"column":null}},"line":5},"2":{"name":"filterByColor","decl":{"start":{"line":10,"column":16},"end":{"line":10,"column":29}},"loc":{"start":{"line":10,"column":48},"end":{"line":15,"column":null}},"line":10},"3":{"name":"(anonymous_3)","decl":{"start":{"line":13,"column":26},"end":{"line":13,"column":27}},"loc":{"start":{"line":13,"column":31},"end":{"line":13,"column":48}},"line":13}},"branchMap":{"0":{"loc":{"start":{"line":3,"column":2},"end":{"line":3,"column":null}},"type":"if","locations":[{"start":{"line":3,"column":2},"end":{"line":3,"column":null}},{"start":{},"end":{}}],"line":3},"1":{"loc":{"start":{"line":12,"column":2},"end":{"line":12,"column":null}},"type":"if","locations":[{"start":{"line":12,"column":2},"end":{"line":12,"column":null}},{"start":{},"end":{}}],"line":12}},"s":{"0":4,"1":3,"2":1,"3":3,"4":3,"5":2,"6":1,"7":3},"f":{"0":4,"1":3,"2":3,"3":3},"b":{"0":[3,1],"1":[2,1]},"meta":{"lastBranch":2,"lastFunction":4,"lastStatement":8,"seen":{"f:1:16:1:28":0,"b:3:2:3:Infinity:undefined:undefined:undefined:undefined":0,"s:3:2:3:Infinity":0,"s:3:15:3:Infinity":1,"s:4:2:6:Infinity":2,"f:4:26:4:27":1,"s:5:4:5:Infinity":3,"f:10:16:10:29":2,"b:12:2:12:Infinity:undefined:undefined:undefined:undefined":1,"s:12:2:12:Infinity":4,"s:12:14:12:Infinity":5,"s:13:2:13:Infinity":6,"f:13:26:13:27":3,"s:13:31:13:48":7}}}
,"/Users/kassinnebie/Desktop/Projet étude master/Projet Master2/ReactFlagRepository/src/utils/pagination.js": {"path":"/Users/kassinnebie/Desktop/Projet étude master/Projet Master2/ReactFlagRepository/src/utils/pagination.js","statementMap":{"0":{"start":{"line":2,"column":16},"end":{"line":2,"column":34}},"1":{"start":{"line":3,"column":2},"end":{"line":3,"column":null}},"2":{"start":{"line":7,"column":2},"end":{"line":7,"column":null}}},"fnMap":{"0":{"name":"paginate","decl":{"start":{"line":1,"column":16},"end":{"line":1,"column":24}},"loc":{"start":{"line":1,"column":45},"end":{"line":4,"column":null}},"line":1},"1":{"name":"infiniteScroll","decl":{"start":{"line":6,"column":16},"end":{"line":6,"column":30}},"loc":{"start":{"line":6,"column":45},"end":{"line":8,"column":null}},"line":6}},"branchMap":{},"s":{"0":3,"1":3,"2":1},"f":{"0":3,"1":1},"b":{},"meta":{"lastBranch":0,"lastFunction":2,"lastStatement":3,"seen":{"f:1:16:1:24":0,"s:2:16:2:34":0,"s:3:2:3:Infinity":1,"f:6:16:6:30":1,"s:7:2:7:Infinity":2}}}
,"/Users/kassinnebie/Desktop/Projet étude master/Projet Master2/ReactFlagRepository/src/utils/sorting.js": {"path":"/Users/kassinnebie/Desktop/Projet étude master/Projet Master2/ReactFlagRepository/src/utils/sorting.js","statementMap":{"0":{"start":{"line":2,"column":2},"end":{"line":6,"column":null}},"1":{"start":{"line":3,"column":4},"end":{"line":5,"column":null}},"2":{"start":{"line":10,"column":2},"end":{"line":12,"column":null}},"3":{"start":{"line":11,"column":4},"end":{"line":11,"column":null}}},"fnMap":{"0":{"name":"sortByPopulation","decl":{"start":{"line":1,"column":16},"end":{"line":1,"column":32}},"loc":{"start":{"line":1,"column":59},"end":{"line":7,"column":null}},"line":1},"1":{"name":"(anonymous_1)","decl":{"start":{"line":2,"column":29},"end":{"line":2,"column":30}},"loc":{"start":{"line":3,"column":4},"end":{"line":5,"column":null}},"line":3},"2":{"name":"sortByContinent","decl":{"start":{"line":9,"column":16},"end":{"line":9,"column":31}},"loc":{"start":{"line":9,"column":43},"end":{"line":13,"column":null}},"line":9},"3":{"name":"(anonymous_3)","decl":{"start":{"line":10,"column":29},"end":{"line":10,"column":30}},"loc":{"start":{"line":11,"column":4},"end":{"line":11,"column":null}},"line":11}},"branchMap":{"0":{"loc":{"start":{"line":1,"column":44},"end":{"line":1,"column":57}},"type":"default-arg","locations":[{"start":{"line":1,"column":52},"end":{"line":1,"column":57}}],"line":1},"1":{"loc":{"start":{"line":3,"column":4},"end":{"line":5,"column":null}},"type":"cond-expr","locations":[{"start":{"line":4,"column":8},"end":{"line":4,"column":null}},{"start":{"line":5,"column":8},"end":{"line":5,"column":null}}],"line":3}},"s":{"0":4,"1":8,"2":1,"3":2},"f":{"0":4,"1":8,"2":1,"3":2},"b":{"0":[4],"1":[4,4]},"meta":{"lastBranch":2,"lastFunction":4,"lastStatement":4,"seen":{"f:1:16:1:32":0,"b:1:52:1:57":0,"s:2:2:6:Infinity":0,"f:2:29:2:30":1,"s:3:4:5:Infinity":1,"b:4:8:4:Infinity:5:8:5:Infinity":1,"f:9:16:9:31":2,"s:10:2:12:Infinity":2,"f:10:29:10:30":3,"s:11:4:11:Infinity":3}}}
}
